GAS LISTING /tmp/ccTcdPVm.s 			page 1


   1              		.file	"riscv.cpp"
   2              		.option pic
   3              		.option norelax
   4              		.text
   5              	.Ltext0:
   6              		.align	2
   7              		.globl	_ZN5RiscV10popSppSpieEv
   9              	_ZN5RiscV10popSppSpieEv:
  10              	.LFB14:
  11              		.file 1 "src/riscv.cpp"
   1:src/riscv.cpp **** //
   2:src/riscv.cpp **** // Created by os on 9/6/22.
   3:src/riscv.cpp **** //
   4:src/riscv.cpp **** 
   5:src/riscv.cpp **** #include "../h/riscv.hpp"
   6:src/riscv.cpp **** 
   7:src/riscv.cpp **** // definition of: 'inline void RiscV::pushRegisters();' is in util.S
   8:src/riscv.cpp **** 
   9:src/riscv.cpp **** // definition of: 'inline void RiscV::popRegisters();' is in util.S
  10:src/riscv.cpp **** 
  11:src/riscv.cpp **** void RiscV::popSppSpie()
  12:src/riscv.cpp **** {
  12              		.loc 1 12 1
  13              		.cfi_startproc
  14 0000 130101FF 		addi	sp,sp,-16
  15              		.cfi_def_cfa_offset 16
  16 0004 23348100 		sd	s0,8(sp)
  17              		.cfi_offset 8, -8
  18 0008 13040101 		addi	s0,sp,16
  19              		.cfi_def_cfa 8, 0
  13:src/riscv.cpp ****     __asm__ volatile ("csrw sepc, ra");
  20              		.loc 1 13 5
  21              		.loc 1 13 39 is_stmt 0
  22              	#APP
  23              	# 13 "src/riscv.cpp" 1
  14              	    __asm__ volatile ("sret");
  24              		csrw sepc, ra
  25              	# 0 "" 2
  26              		.loc 1 14 5 is_stmt 1
  27              		.loc 1 14 30 is_stmt 0
  28              	# 14 "src/riscv.cpp" 1
  15              	}...
  29              		sret
  30              	# 0 "" 2
  31              		.loc 1 15 1
  32              	#NO_APP
  33 0014 03348100 		ld	s0,8(sp)
  34              		.cfi_restore 8
  35              		.cfi_def_cfa 2, 16
  36 0018 13010101 		addi	sp,sp,16
  37              		.cfi_def_cfa_offset 0
  38 001c 67800000 		jr	ra
  39              		.cfi_endproc
  40              	.LFE14:
  42              	.Letext0:
  43              		.file 2 "src/../h/../lib/hw.h"
  44              		.file 3 "src/../h/riscv.hpp"
GAS LISTING /tmp/ccTcdPVm.s 			page 2


GAS LISTING /tmp/ccTcdPVm.s 			page 3


DEFINED SYMBOLS
                            *ABS*:0000000000000000 riscv.cpp
     /tmp/ccTcdPVm.s:9      .text:0000000000000000 _ZN5RiscV10popSppSpieEv
     /tmp/ccTcdPVm.s:13     .text:0000000000000000 .L0 
     /tmp/ccTcdPVm.s:14     .text:0000000000000000 .L0 
     /tmp/ccTcdPVm.s:15     .text:0000000000000004 .L0 
     /tmp/ccTcdPVm.s:17     .text:0000000000000008 .L0 
     /tmp/ccTcdPVm.s:19     .text:000000000000000c .L0 
     /tmp/ccTcdPVm.s:21     .text:000000000000000c .L0 
       src/riscv.cpp:13     .text:000000000000000c .L0 
     /tmp/ccTcdPVm.s:27     .text:0000000000000010 .L0 
       src/riscv.cpp:14     .text:0000000000000010 .L0 
     /tmp/ccTcdPVm.s:33     .text:0000000000000014 .L0 
     /tmp/ccTcdPVm.s:34     .text:0000000000000018 .L0 
     /tmp/ccTcdPVm.s:35     .text:0000000000000018 .L0 
     /tmp/ccTcdPVm.s:37     .text:000000000000001c .L0 
     /tmp/ccTcdPVm.s:39     .text:0000000000000020 .L0 
     /tmp/ccTcdPVm.s:45     .text:0000000000000020 .L0 
     /tmp/ccTcdPVm.s:345    .debug_abbrev:0000000000000000 .Ldebug_abbrev0
     /tmp/ccTcdPVm.s:672    .debug_str:00000000000001ac .LASF49
     /tmp/ccTcdPVm.s:682    .debug_str:00000000000002bc .LASF50
     /tmp/ccTcdPVm.s:714    .debug_str:00000000000003e7 .LASF51
     /tmp/ccTcdPVm.s:5      .text:0000000000000000 .Ltext0
     /tmp/ccTcdPVm.s:42     .text:0000000000000020 .Letext0
     /tmp/ccTcdPVm.s:612    .debug_line:0000000000000000 .Ldebug_line0
     /tmp/ccTcdPVm.s:678    .debug_str:0000000000000294 .LASF0
     /tmp/ccTcdPVm.s:658    .debug_str:000000000000013c .LASF1
     /tmp/ccTcdPVm.s:652    .debug_str:0000000000000112 .LASF2
     /tmp/ccTcdPVm.s:628    .debug_str:000000000000005d .LASF4
     /tmp/ccTcdPVm.s:656    .debug_str:000000000000012a .LASF3
     /tmp/ccTcdPVm.s:618    .debug_str:000000000000001c .LASF5
     /tmp/ccTcdPVm.s:614    .debug_str:0000000000000000 .LASF6
     /tmp/ccTcdPVm.s:642    .debug_str:00000000000000c4 .LASF7
     /tmp/ccTcdPVm.s:686    .debug_str:00000000000002e4 .LASF8
     /tmp/ccTcdPVm.s:626    .debug_str:000000000000004f .LASF9
     /tmp/ccTcdPVm.s:722    .debug_str:0000000000000438 .LASF10
     /tmp/ccTcdPVm.s:648    .debug_str:00000000000000f8 .LASF11
     /tmp/ccTcdPVm.s:712    .debug_str:00000000000003d7 .LASF12
     /tmp/ccTcdPVm.s:694    .debug_str:0000000000000335 .LASF13
     /tmp/ccTcdPVm.s:660    .debug_str:000000000000014f .LASF14
     /tmp/ccTcdPVm.s:634    .debug_str:000000000000007a .LASF15
     /tmp/ccTcdPVm.s:688    .debug_str:00000000000002f4 .LASF16
     /tmp/ccTcdPVm.s:720    .debug_str:0000000000000432 .LASF52
     /tmp/ccTcdPVm.s:670    .debug_str:00000000000001a1 .LASF17
     /tmp/ccTcdPVm.s:696    .debug_str:0000000000000345 .LASF19
     /tmp/ccTcdPVm.s:638    .debug_str:000000000000009c .LASF18
     /tmp/ccTcdPVm.s:680    .debug_str:00000000000002a1 .LASF20
     /tmp/ccTcdPVm.s:698    .debug_str:000000000000035d .LASF21
     /tmp/ccTcdPVm.s:640    .debug_str:00000000000000aa .LASF22
     /tmp/ccTcdPVm.s:650    .debug_str:0000000000000107 .LASF23
     /tmp/ccTcdPVm.s:674    .debug_str:0000000000000270 .LASF25
     /tmp/ccTcdPVm.s:676    .debug_str:0000000000000288 .LASF27
     /tmp/ccTcdPVm.s:710    .debug_str:00000000000003be .LASF29
     /tmp/ccTcdPVm.s:664    .debug_str:0000000000000168 .LASF24
     /tmp/ccTcdPVm.s:706    .debug_str:000000000000039f .LASF26
     /tmp/ccTcdPVm.s:654    .debug_str:0000000000000120 .LASF28
     /tmp/ccTcdPVm.s:646    .debug_str:00000000000000e2 .LASF30
GAS LISTING /tmp/ccTcdPVm.s 			page 4


     /tmp/ccTcdPVm.s:708    .debug_str:00000000000003b4 .LASF31
     /tmp/ccTcdPVm.s:690    .debug_str:000000000000030a .LASF32
     /tmp/ccTcdPVm.s:644    .debug_str:00000000000000d7 .LASF33
     /tmp/ccTcdPVm.s:666    .debug_str:0000000000000171 .LASF34
     /tmp/ccTcdPVm.s:620    .debug_str:0000000000000023 .LASF35
     /tmp/ccTcdPVm.s:668    .debug_str:0000000000000189 .LASF36
     /tmp/ccTcdPVm.s:632    .debug_str:000000000000006d .LASF37
     /tmp/ccTcdPVm.s:684    .debug_str:00000000000002ca .LASF38
     /tmp/ccTcdPVm.s:636    .debug_str:0000000000000090 .LASF39
     /tmp/ccTcdPVm.s:624    .debug_str:0000000000000036 .LASF40
     /tmp/ccTcdPVm.s:662    .debug_str:000000000000015b .LASF41
     /tmp/ccTcdPVm.s:702    .debug_str:000000000000037e .LASF42
     /tmp/ccTcdPVm.s:704    .debug_str:0000000000000398 .LASF43
     /tmp/ccTcdPVm.s:716    .debug_str:000000000000040a .LASF44
     /tmp/ccTcdPVm.s:630    .debug_str:0000000000000064 .LASF45
     /tmp/ccTcdPVm.s:718    .debug_str:000000000000041d .LASF46
     /tmp/ccTcdPVm.s:622    .debug_str:000000000000002e .LASF47
     /tmp/ccTcdPVm.s:700    .debug_str:000000000000036a .LASF48
     /tmp/ccTcdPVm.s:616    .debug_str:0000000000000013 .LASF53
     /tmp/ccTcdPVm.s:692    .debug_str:0000000000000320 .LASF54
     /tmp/ccTcdPVm.s:10     .text:0000000000000000 .LFB14
     /tmp/ccTcdPVm.s:40     .text:0000000000000020 .LFE14
     /tmp/ccTcdPVm.s:46     .debug_info:0000000000000000 .Ldebug_info0

NO UNDEFINED SYMBOLS
