GAS LISTING /tmp/ccVOBP6Q.s 			page 1


   1              		.file	"syscall_c.cpp"
   2              		.option pic
   3              		.option norelax
   4              		.text
   5              	.Ltext0:
   6              	.Letext0:
   7              		.file 1 "src/../h/../lib/hw.h"
   8              		.file 2 "src/../h/syscall_c.h"
GAS LISTING /tmp/ccVOBP6Q.s 			page 2


DEFINED SYMBOLS
                            *ABS*:0000000000000000 syscall_c.cpp
     /tmp/ccVOBP6Q.s:144    .debug_abbrev:0000000000000000 .Ldebug_abbrev0
     /tmp/ccVOBP6Q.s:334    .debug_str:000000000000010e .LASF17
     /tmp/ccVOBP6Q.s:326    .debug_str:00000000000000c0 .LASF18
     /tmp/ccVOBP6Q.s:322    .debug_str:0000000000000087 .LASF19
     /tmp/ccVOBP6Q.s:300    .debug_line:0000000000000000 .Ldebug_line0
     /tmp/ccVOBP6Q.s:302    .debug_str:0000000000000000 .LASF0
     /tmp/ccVOBP6Q.s:332    .debug_str:00000000000000fb .LASF1
     /tmp/ccVOBP6Q.s:304    .debug_str:000000000000000d .LASF2
     /tmp/ccVOBP6Q.s:318    .debug_str:0000000000000074 .LASF4
     /tmp/ccVOBP6Q.s:314    .debug_str:000000000000004f .LASF3
     /tmp/ccVOBP6Q.s:310    .debug_str:0000000000000038 .LASF5
     /tmp/ccVOBP6Q.s:316    .debug_str:0000000000000061 .LASF6
     /tmp/ccVOBP6Q.s:330    .debug_str:00000000000000e8 .LASF7
     /tmp/ccVOBP6Q.s:338    .debug_str:00000000000001e1 .LASF8
     /tmp/ccVOBP6Q.s:306    .debug_str:000000000000001b .LASF9
     /tmp/ccVOBP6Q.s:308    .debug_str:0000000000000029 .LASF10
     /tmp/ccVOBP6Q.s:336    .debug_str:00000000000001d2 .LASF11
     /tmp/ccVOBP6Q.s:312    .debug_str:000000000000003f .LASF12
     /tmp/ccVOBP6Q.s:340    .debug_str:00000000000001f1 .LASF13
     /tmp/ccVOBP6Q.s:320    .debug_str:000000000000007b .LASF14
     /tmp/ccVOBP6Q.s:328    .debug_str:00000000000000d2 .LASF15
     /tmp/ccVOBP6Q.s:324    .debug_str:00000000000000aa .LASF16
     /tmp/ccVOBP6Q.s:10     .debug_info:0000000000000000 .Ldebug_info0

NO UNDEFINED SYMBOLS
